
> core@1.0.0 start
> node dist/index.js

[AgentManifestLoader] Loaded: architect-prime (architect.agent.yaml)
[AgentManifestLoader] Loaded: developer-prime (developer.agent.yaml)
[AgentManifestLoader] Loaded: general-assistant (general-assistant/AGENT.yaml)
[AgentManifestLoader] Loaded: researcher-prime (researcher.agent.yaml)
[AgentManifestLoader] Loaded: writer (writer/AGENT.yaml)
[AgentManifestLoader] loadAllManifests: 9.053ms
[Orchestrator] Loaded 5 agent templates
[AgentManifestLoader] Loaded: architect-prime (architect.agent.yaml)
[AgentManifestLoader] Loaded: developer-prime (developer.agent.yaml)
[AgentManifestLoader] Loaded: general-assistant (general-assistant/AGENT.yaml)
[AgentManifestLoader] Loaded: researcher-prime (researcher.agent.yaml)
[AgentManifestLoader] Loaded: writer (writer/AGENT.yaml)
[AgentManifestLoader] loadAllManifests: 3.197ms
Failed to obtain server version. Unable to check client-server compatibility. Set checkCompatibility=false to skip version check.
Failed to obtain server version. Unable to check client-server compatibility. Set checkCompatibility=false to skip version check.
Failed to obtain server version. Unable to check client-server compatibility. Set checkCompatibility=false to skip version check.
Failed to obtain server version. Unable to check client-server compatibility. Set checkCompatibility=false to skip version check.
Failed to obtain server version. Unable to check client-server compatibility. Set checkCompatibility=false to skip version check.
Failed to obtain server version. Unable to check client-server compatibility. Set checkCompatibility=false to skip version check.
[CircleRegistry] Loaded: development (development.circle.yaml)
[CircleRegistry] Loaded: operations (operations.circle.yaml)
[CircleRegistry] Loaded project context for "development"
[CircleRegistry] Registered 2 circles
[IdentityService] JWT_SECRET not set — using a random ephemeral secret. Tokens will not survive server restarts. Set JWT_SECRET in production.
[Orchestrator] Watching for agent changes in /app/agents
[Database] Database initialization failed: AggregateError [ECONNREFUSED]:
    at /app/core/node_modules/pg-pool/index.js:45:11
    at process.processTicksAndRejections (node:internal/process/task_queues:103:5)
    at async initDb (file:///app/core/dist/lib/database.js:12:9)
    at async startServer (file:///app/core/dist/index.js:124:9) {
  code: 'ECONNREFUSED',
  [errors]: [
    Error: connect ECONNREFUSED ::1:5432
        at createConnectionError (node:net:1678:14)
        at afterConnectMultiple (node:net:1708:16) {
      errno: -111,
      code: 'ECONNREFUSED',
      syscall: 'connect',
      address: '::1',
      port: 5432
    },
    Error: connect ECONNREFUSED 127.0.0.1:5432
        at createConnectionError (node:net:1678:14)
        at afterConnectMultiple (node:net:1708:16) {
      errno: -111,
      code: 'ECONNREFUSED',
      syscall: 'connect',
      address: '127.0.0.1',
      port: 5432
    }
  ]
}
[SERACore] Failed to start server: AggregateError [ECONNREFUSED]:
    at /app/core/node_modules/pg-pool/index.js:45:11
    at process.processTicksAndRejections (node:internal/process/task_queues:103:5)
    at async initDb (file:///app/core/dist/lib/database.js:12:9)
    at async startServer (file:///app/core/dist/index.js:124:9) {
  code: 'ECONNREFUSED',
  [errors]: [
    Error: connect ECONNREFUSED ::1:5432
        at createConnectionError (node:net:1678:14)
        at afterConnectMultiple (node:net:1708:16) {
      errno: -111,
      code: 'ECONNREFUSED',
      syscall: 'connect',
      address: '::1',
      port: 5432
    },
    Error: connect ECONNREFUSED 127.0.0.1:5432
        at createConnectionError (node:net:1678:14)
        at afterConnectMultiple (node:net:1708:16) {
      errno: -111,
      code: 'ECONNREFUSED',
      syscall: 'connect',
      address: '127.0.0.1',
      port: 5432
    }
  ]
}
npm error Lifecycle script `start` failed with error:
npm error code 1
npm error path /app/core
npm error workspace core@1.0.0
npm error location /app/core
npm error command failed
npm error command sh -c node dist/index.js
